<?xml version="1.0" encoding="UTF-8"?>
<!-- Generated by org.testng.reporters.JUnitReportReporter -->
<testsuite hostname="ReeceZ-Laptop" name="smartworks.SmartWorks_FBE_Vending" tests="1" failures="0" timestamp="30 Apr 2019 10:13:39 GMT" time="13.656" errors="0">
  <testcase name="addcus" time="13.656" classname="smartworks.SmartWorks_FBE_Vending"/>
</testsuite> <!-- smartworks.SmartWorks_FBE_Vending -->
