<?xml version="1.0" encoding="UTF-8"?>
<!-- Generated by org.testng.reporters.JUnitReportReporter -->
<testsuite hostname="ReeceZ-Laptop" name="smartworks.SmartWorks" tests="1" failures="0" timestamp="14 Jan 2019 09:48:50 GMT" time="11.726" errors="0">
  <testcase name="addcus" time="11.726" classname="smartworks.SmartWorks"/>
</testsuite> <!-- smartworks.SmartWorks -->
