<?xml version="1.0" encoding="UTF-8"?>
<!-- Generated by org.testng.reporters.JUnitReportReporter -->
<testsuite hostname="ReeceZ-Laptop" name="smartworks.SmartWorks_Collect_Vending" tests="1" failures="0" timestamp="30 Apr 2019 10:21:06 GMT" time="14.943" errors="0">
  <testcase name="addcus" time="14.943" classname="smartworks.SmartWorks_Collect_Vending"/>
</testsuite> <!-- smartworks.SmartWorks_Collect_Vending -->
