<?xml version="1.0" encoding="UTF-8"?>
<!-- Generated by org.testng.reporters.JUnitReportReporter -->
<testsuite hostname="ReeceZ-Laptop" name="smartworks.SmartWorks" tests="2" failures="0" timestamp="8 Feb 2019 08:31:10 GMT" time="144.789" errors="0">
  <testcase name="addcus" time="66.595" classname="smartworks.SmartWorks"/>
  <testcase name="addcus" time="78.194" classname="smartworks.SmartWorks"/>
</testsuite> <!-- smartworks.SmartWorks -->
